-------------------------------------------------------------------------------
Test set: org.springframework.samples.petclinic.service.ClinicServiceSpringDataJpaTests
-------------------------------------------------------------------------------
Tests run: 11, Failures: 0, Errors: 11, Skipped: 0, Time elapsed: 24.657 s <<< FAILURE! - in org.springframework.samples.petclinic.service.ClinicServiceSpringDataJpaTests
shouldFindVets  Time elapsed: 0.001 s  <<< ERROR!
java.lang.IllegalStateException: Failed to load ApplicationContext
Caused by: org.springframework.beans.factory.BeanCreationException: Error creating bean with name 'org.springframework.jdbc.datasource.init.DataSourceInitializer#0': Invocation of init method failed; nested exception is org.springframework.jdbc.datasource.init.UncategorizedScriptException: Failed to execute database script; nested exception is org.springframework.jdbc.CannotGetJdbcConnectionException: Failed to obtain JDBC Connection; nested exception is java.sql.SQLException: Access denied for user 'petclinic'@'172.21.0.1' (using password: YES)
Caused by: org.springframework.jdbc.datasource.init.UncategorizedScriptException: Failed to execute database script; nested exception is org.springframework.jdbc.CannotGetJdbcConnectionException: Failed to obtain JDBC Connection; nested exception is java.sql.SQLException: Access denied for user 'petclinic'@'172.21.0.1' (using password: YES)
Caused by: org.springframework.jdbc.CannotGetJdbcConnectionException: Failed to obtain JDBC Connection; nested exception is java.sql.SQLException: Access denied for user 'petclinic'@'172.21.0.1' (using password: YES)
Caused by: java.sql.SQLException: Access denied for user 'petclinic'@'172.21.0.1' (using password: YES)

shouldFindOwnersByLastName  Time elapsed: 0 s  <<< ERROR!
java.lang.IllegalStateException: Failed to load ApplicationContext
Caused by: org.springframework.beans.factory.BeanCreationException: Error creating bean with name 'org.springframework.jdbc.datasource.init.DataSourceInitializer#0': Invocation of init method failed; nested exception is org.springframework.jdbc.datasource.init.UncategorizedScriptException: Failed to execute database script; nested exception is org.springframework.jdbc.CannotGetJdbcConnectionException: Failed to obtain JDBC Connection; nested exception is java.sql.SQLException: Access denied for user 'petclinic'@'172.21.0.1' (using password: YES)
Caused by: org.springframework.jdbc.datasource.init.UncategorizedScriptException: Failed to execute database script; nested exception is org.springframework.jdbc.CannotGetJdbcConnectionException: Failed to obtain JDBC Connection; nested exception is java.sql.SQLException: Access denied for user 'petclinic'@'172.21.0.1' (using password: YES)
Caused by: org.springframework.jdbc.CannotGetJdbcConnectionException: Failed to obtain JDBC Connection; nested exception is java.sql.SQLException: Access denied for user 'petclinic'@'172.21.0.1' (using password: YES)
Caused by: java.sql.SQLException: Access denied for user 'petclinic'@'172.21.0.1' (using password: YES)

shouldAddNewVisitForPet  Time elapsed: 0 s  <<< ERROR!
java.lang.IllegalStateException: Failed to load ApplicationContext
Caused by: org.springframework.beans.factory.BeanCreationException: Error creating bean with name 'org.springframework.jdbc.datasource.init.DataSourceInitializer#0': Invocation of init method failed; nested exception is org.springframework.jdbc.datasource.init.UncategorizedScriptException: Failed to execute database script; nested exception is org.springframework.jdbc.CannotGetJdbcConnectionException: Failed to obtain JDBC Connection; nested exception is java.sql.SQLException: Access denied for user 'petclinic'@'172.21.0.1' (using password: YES)
Caused by: org.springframework.jdbc.datasource.init.UncategorizedScriptException: Failed to execute database script; nested exception is org.springframework.jdbc.CannotGetJdbcConnectionException: Failed to obtain JDBC Connection; nested exception is java.sql.SQLException: Access denied for user 'petclinic'@'172.21.0.1' (using password: YES)
Caused by: org.springframework.jdbc.CannotGetJdbcConnectionException: Failed to obtain JDBC Connection; nested exception is java.sql.SQLException: Access denied for user 'petclinic'@'172.21.0.1' (using password: YES)
Caused by: java.sql.SQLException: Access denied for user 'petclinic'@'172.21.0.1' (using password: YES)

shouldUpdateOwner  Time elapsed: 0 s  <<< ERROR!
java.lang.IllegalStateException: Failed to load ApplicationContext
Caused by: org.springframework.beans.factory.BeanCreationException: Error creating bean with name 'org.springframework.jdbc.datasource.init.DataSourceInitializer#0': Invocation of init method failed; nested exception is org.springframework.jdbc.datasource.init.UncategorizedScriptException: Failed to execute database script; nested exception is org.springframework.jdbc.CannotGetJdbcConnectionException: Failed to obtain JDBC Connection; nested exception is java.sql.SQLException: Access denied for user 'petclinic'@'172.21.0.1' (using password: YES)
Caused by: org.springframework.jdbc.datasource.init.UncategorizedScriptException: Failed to execute database script; nested exception is org.springframework.jdbc.CannotGetJdbcConnectionException: Failed to obtain JDBC Connection; nested exception is java.sql.SQLException: Access denied for user 'petclinic'@'172.21.0.1' (using password: YES)
Caused by: org.springframework.jdbc.CannotGetJdbcConnectionException: Failed to obtain JDBC Connection; nested exception is java.sql.SQLException: Access denied for user 'petclinic'@'172.21.0.1' (using password: YES)
Caused by: java.sql.SQLException: Access denied for user 'petclinic'@'172.21.0.1' (using password: YES)

shouldFindVisitsByPetId  Time elapsed: 0 s  <<< ERROR!
java.lang.IllegalStateException: Failed to load ApplicationContext
Caused by: org.springframework.beans.factory.BeanCreationException: Error creating bean with name 'org.springframework.jdbc.datasource.init.DataSourceInitializer#0': Invocation of init method failed; nested exception is org.springframework.jdbc.datasource.init.UncategorizedScriptException: Failed to execute database script; nested exception is org.springframework.jdbc.CannotGetJdbcConnectionException: Failed to obtain JDBC Connection; nested exception is java.sql.SQLException: Access denied for user 'petclinic'@'172.21.0.1' (using password: YES)
Caused by: org.springframework.jdbc.datasource.init.UncategorizedScriptException: Failed to execute database script; nested exception is org.springframework.jdbc.CannotGetJdbcConnectionException: Failed to obtain JDBC Connection; nested exception is java.sql.SQLException: Access denied for user 'petclinic'@'172.21.0.1' (using password: YES)
Caused by: org.springframework.jdbc.CannotGetJdbcConnectionException: Failed to obtain JDBC Connection; nested exception is java.sql.SQLException: Access denied for user 'petclinic'@'172.21.0.1' (using password: YES)
Caused by: java.sql.SQLException: Access denied for user 'petclinic'@'172.21.0.1' (using password: YES)

shouldInsertPetIntoDatabaseAndGenerateId  Time elapsed: 0 s  <<< ERROR!
java.lang.IllegalStateException: Failed to load ApplicationContext
Caused by: org.springframework.beans.factory.BeanCreationException: Error creating bean with name 'org.springframework.jdbc.datasource.init.DataSourceInitializer#0': Invocation of init method failed; nested exception is org.springframework.jdbc.datasource.init.UncategorizedScriptException: Failed to execute database script; nested exception is org.springframework.jdbc.CannotGetJdbcConnectionException: Failed to obtain JDBC Connection; nested exception is java.sql.SQLException: Access denied for user 'petclinic'@'172.21.0.1' (using password: YES)
Caused by: org.springframework.jdbc.datasource.init.UncategorizedScriptException: Failed to execute database script; nested exception is org.springframework.jdbc.CannotGetJdbcConnectionException: Failed to obtain JDBC Connection; nested exception is java.sql.SQLException: Access denied for user 'petclinic'@'172.21.0.1' (using password: YES)
Caused by: org.springframework.jdbc.CannotGetJdbcConnectionException: Failed to obtain JDBC Connection; nested exception is java.sql.SQLException: Access denied for user 'petclinic'@'172.21.0.1' (using password: YES)
Caused by: java.sql.SQLException: Access denied for user 'petclinic'@'172.21.0.1' (using password: YES)

shouldInsertOwner  Time elapsed: 0 s  <<< ERROR!
java.lang.IllegalStateException: Failed to load ApplicationContext
Caused by: org.springframework.beans.factory.BeanCreationException: Error creating bean with name 'org.springframework.jdbc.datasource.init.DataSourceInitializer#0': Invocation of init method failed; nested exception is org.springframework.jdbc.datasource.init.UncategorizedScriptException: Failed to execute database script; nested exception is org.springframework.jdbc.CannotGetJdbcConnectionException: Failed to obtain JDBC Connection; nested exception is java.sql.SQLException: Access denied for user 'petclinic'@'172.21.0.1' (using password: YES)
Caused by: org.springframework.jdbc.datasource.init.UncategorizedScriptException: Failed to execute database script; nested exception is org.springframework.jdbc.CannotGetJdbcConnectionException: Failed to obtain JDBC Connection; nested exception is java.sql.SQLException: Access denied for user 'petclinic'@'172.21.0.1' (using password: YES)
Caused by: org.springframework.jdbc.CannotGetJdbcConnectionException: Failed to obtain JDBC Connection; nested exception is java.sql.SQLException: Access denied for user 'petclinic'@'172.21.0.1' (using password: YES)
Caused by: java.sql.SQLException: Access denied for user 'petclinic'@'172.21.0.1' (using password: YES)

shouldFindSingleOwnerWithPet  Time elapsed: 0 s  <<< ERROR!
java.lang.IllegalStateException: Failed to load ApplicationContext
Caused by: org.springframework.beans.factory.BeanCreationException: Error creating bean with name 'org.springframework.jdbc.datasource.init.DataSourceInitializer#0': Invocation of init method failed; nested exception is org.springframework.jdbc.datasource.init.UncategorizedScriptException: Failed to execute database script; nested exception is org.springframework.jdbc.CannotGetJdbcConnectionException: Failed to obtain JDBC Connection; nested exception is java.sql.SQLException: Access denied for user 'petclinic'@'172.21.0.1' (using password: YES)
Caused by: org.springframework.jdbc.datasource.init.UncategorizedScriptException: Failed to execute database script; nested exception is org.springframework.jdbc.CannotGetJdbcConnectionException: Failed to obtain JDBC Connection; nested exception is java.sql.SQLException: Access denied for user 'petclinic'@'172.21.0.1' (using password: YES)
Caused by: org.springframework.jdbc.CannotGetJdbcConnectionException: Failed to obtain JDBC Connection; nested exception is java.sql.SQLException: Access denied for user 'petclinic'@'172.21.0.1' (using password: YES)
Caused by: java.sql.SQLException: Access denied for user 'petclinic'@'172.21.0.1' (using password: YES)

shouldUpdatePetName  Time elapsed: 0 s  <<< ERROR!
java.lang.IllegalStateException: Failed to load ApplicationContext
Caused by: org.springframework.beans.factory.BeanCreationException: Error creating bean with name 'org.springframework.jdbc.datasource.init.DataSourceInitializer#0': Invocation of init method failed; nested exception is org.springframework.jdbc.datasource.init.UncategorizedScriptException: Failed to execute database script; nested exception is org.springframework.jdbc.CannotGetJdbcConnectionException: Failed to obtain JDBC Connection; nested exception is java.sql.SQLException: Access denied for user 'petclinic'@'172.21.0.1' (using password: YES)
Caused by: org.springframework.jdbc.datasource.init.UncategorizedScriptException: Failed to execute database script; nested exception is org.springframework.jdbc.CannotGetJdbcConnectionException: Failed to obtain JDBC Connection; nested exception is java.sql.SQLException: Access denied for user 'petclinic'@'172.21.0.1' (using password: YES)
Caused by: org.springframework.jdbc.CannotGetJdbcConnectionException: Failed to obtain JDBC Connection; nested exception is java.sql.SQLException: Access denied for user 'petclinic'@'172.21.0.1' (using password: YES)
Caused by: java.sql.SQLException: Access denied for user 'petclinic'@'172.21.0.1' (using password: YES)

shouldFindAllPetTypes  Time elapsed: 0 s  <<< ERROR!
java.lang.IllegalStateException: Failed to load ApplicationContext
Caused by: org.springframework.beans.factory.BeanCreationException: Error creating bean with name 'org.springframework.jdbc.datasource.init.DataSourceInitializer#0': Invocation of init method failed; nested exception is org.springframework.jdbc.datasource.init.UncategorizedScriptException: Failed to execute database script; nested exception is org.springframework.jdbc.CannotGetJdbcConnectionException: Failed to obtain JDBC Connection; nested exception is java.sql.SQLException: Access denied for user 'petclinic'@'172.21.0.1' (using password: YES)
Caused by: org.springframework.jdbc.datasource.init.UncategorizedScriptException: Failed to execute database script; nested exception is org.springframework.jdbc.CannotGetJdbcConnectionException: Failed to obtain JDBC Connection; nested exception is java.sql.SQLException: Access denied for user 'petclinic'@'172.21.0.1' (using password: YES)
Caused by: org.springframework.jdbc.CannotGetJdbcConnectionException: Failed to obtain JDBC Connection; nested exception is java.sql.SQLException: Access denied for user 'petclinic'@'172.21.0.1' (using password: YES)
Caused by: java.sql.SQLException: Access denied for user 'petclinic'@'172.21.0.1' (using password: YES)

shouldFindPetWithCorrectId  Time elapsed: 0.001 s  <<< ERROR!
java.lang.IllegalStateException: Failed to load ApplicationContext
Caused by: org.springframework.beans.factory.BeanCreationException: Error creating bean with name 'org.springframework.jdbc.datasource.init.DataSourceInitializer#0': Invocation of init method failed; nested exception is org.springframework.jdbc.datasource.init.UncategorizedScriptException: Failed to execute database script; nested exception is org.springframework.jdbc.CannotGetJdbcConnectionException: Failed to obtain JDBC Connection; nested exception is java.sql.SQLException: Access denied for user 'petclinic'@'172.21.0.1' (using password: YES)
Caused by: org.springframework.jdbc.datasource.init.UncategorizedScriptException: Failed to execute database script; nested exception is org.springframework.jdbc.CannotGetJdbcConnectionException: Failed to obtain JDBC Connection; nested exception is java.sql.SQLException: Access denied for user 'petclinic'@'172.21.0.1' (using password: YES)
Caused by: org.springframework.jdbc.CannotGetJdbcConnectionException: Failed to obtain JDBC Connection; nested exception is java.sql.SQLException: Access denied for user 'petclinic'@'172.21.0.1' (using password: YES)
Caused by: java.sql.SQLException: Access denied for user 'petclinic'@'172.21.0.1' (using password: YES)

